c:\users\hanuman\desktop\file exchange projects_v12.1\sinkhole_attack_in_rpl_v12.1\workspace_sinkhole_attack_rpl\src\simulation\ip\x64\debug\vc142.pdb
c:\users\hanuman\desktop\file exchange projects_v12.1\sinkhole_attack_in_rpl_v12.1\workspace_sinkhole_attack_rpl\src\simulation\ip\x64\debug\vc142.idb
c:\users\hanuman\desktop\file exchange projects_v12.1\sinkhole_attack_in_rpl_v12.1\workspace_sinkhole_attack_rpl\src\simulation\ip\x64\debug\pim_route_msg.obj
c:\users\hanuman\desktop\file exchange projects_v12.1\sinkhole_attack_in_rpl_v12.1\workspace_sinkhole_attack_rpl\src\simulation\ip\x64\debug\pim_route.obj
c:\users\hanuman\desktop\file exchange projects_v12.1\sinkhole_attack_in_rpl_v12.1\workspace_sinkhole_attack_rpl\src\simulation\ip\x64\debug\pim_print.obj
c:\users\hanuman\desktop\file exchange projects_v12.1\sinkhole_attack_in_rpl_v12.1\workspace_sinkhole_attack_rpl\src\simulation\ip\x64\debug\pim_neighbor.obj
c:\users\hanuman\desktop\file exchange projects_v12.1\sinkhole_attack_in_rpl_v12.1\workspace_sinkhole_attack_rpl\src\simulation\ip\x64\debug\pim_msg.obj
c:\users\hanuman\desktop\file exchange projects_v12.1\sinkhole_attack_in_rpl_v12.1\workspace_sinkhole_attack_rpl\src\simulation\ip\x64\debug\pim_join.obj
c:\users\hanuman\desktop\file exchange projects_v12.1\sinkhole_attack_in_rpl_v12.1\workspace_sinkhole_attack_rpl\src\simulation\ip\x64\debug\pim_hello.obj
c:\users\hanuman\desktop\file exchange projects_v12.1\sinkhole_attack_in_rpl_v12.1\workspace_sinkhole_attack_rpl\src\simulation\ip\x64\debug\pim_group.obj
c:\users\hanuman\desktop\file exchange projects_v12.1\sinkhole_attack_in_rpl_v12.1\workspace_sinkhole_attack_rpl\src\simulation\ip\x64\debug\pim_config.obj
c:\users\hanuman\desktop\file exchange projects_v12.1\sinkhole_attack_in_rpl_v12.1\workspace_sinkhole_attack_rpl\src\simulation\ip\x64\debug\nat.obj
c:\users\hanuman\desktop\file exchange projects_v12.1\sinkhole_attack_in_rpl_v12.1\workspace_sinkhole_attack_rpl\src\simulation\ip\x64\debug\multicast.obj
c:\users\hanuman\desktop\file exchange projects_v12.1\sinkhole_attack_in_rpl_v12.1\workspace_sinkhole_attack_rpl\src\simulation\ip\x64\debug\ip_utility.obj
c:\users\hanuman\desktop\file exchange projects_v12.1\sinkhole_attack_in_rpl_v12.1\workspace_sinkhole_attack_rpl\src\simulation\ip\x64\debug\ip_routing.obj
c:\users\hanuman\desktop\file exchange projects_v12.1\sinkhole_attack_in_rpl_v12.1\workspace_sinkhole_attack_rpl\src\simulation\ip\x64\debug\ip.obj
c:\users\hanuman\desktop\file exchange projects_v12.1\sinkhole_attack_in_rpl_v12.1\workspace_sinkhole_attack_rpl\src\simulation\ip\x64\debug\igmp_router.obj
c:\users\hanuman\desktop\file exchange projects_v12.1\sinkhole_attack_in_rpl_v12.1\workspace_sinkhole_attack_rpl\src\simulation\ip\x64\debug\igmp_msg.obj
c:\users\hanuman\desktop\file exchange projects_v12.1\sinkhole_attack_in_rpl_v12.1\workspace_sinkhole_attack_rpl\src\simulation\ip\x64\debug\igmp_host.obj
c:\users\hanuman\desktop\file exchange projects_v12.1\sinkhole_attack_in_rpl_v12.1\workspace_sinkhole_attack_rpl\src\simulation\ip\x64\debug\igmp.obj
c:\users\hanuman\desktop\file exchange projects_v12.1\sinkhole_attack_in_rpl_v12.1\workspace_sinkhole_attack_rpl\src\simulation\ip\x64\debug\icmp.obj
c:\users\hanuman\desktop\file exchange projects_v12.1\sinkhole_attack_in_rpl_v12.1\workspace_sinkhole_attack_rpl\src\simulation\ip\x64\debug\dns.obj
c:\users\hanuman\desktop\file exchange projects_v12.1\sinkhole_attack_in_rpl_v12.1\workspace_sinkhole_attack_rpl\src\simulation\ip\x64\debug\vpn.obj
c:\users\hanuman\desktop\file exchange projects_v12.1\sinkhole_attack_in_rpl_v12.1\workspace_sinkhole_attack_rpl\src\simulation\ip\x64\debug\pim_sm.obj
c:\users\hanuman\desktop\file exchange projects_v12.1\sinkhole_attack_in_rpl_v12.1\workspace_sinkhole_attack_rpl\bin\bin_x64\ip.lib
c:\users\hanuman\desktop\file exchange projects_v12.1\sinkhole_attack_in_rpl_v12.1\workspace_sinkhole_attack_rpl\bin\bin_x64\ip.exp
c:\users\hanuman\desktop\file exchange projects_v12.1\sinkhole_attack_in_rpl_v12.1\workspace_sinkhole_attack_rpl\bin\bin_x64\libip.dll
c:\users\hanuman\desktop\file exchange projects_v12.1\sinkhole_attack_in_rpl_v12.1\workspace_sinkhole_attack_rpl\bin\bin_x64\ip.pdb
f:\netsim office work\customer workspace\rpl_emulation_iot_sinkhole\workspace_sinkhole_attack_rpl\src\simulation\ip\x64\debug\dns.obj
f:\netsim office work\customer workspace\rpl_emulation_iot_sinkhole\workspace_sinkhole_attack_rpl\src\simulation\ip\x64\debug\icmp.obj
f:\netsim office work\customer workspace\rpl_emulation_iot_sinkhole\workspace_sinkhole_attack_rpl\src\simulation\ip\x64\debug\igmp.obj
f:\netsim office work\customer workspace\rpl_emulation_iot_sinkhole\workspace_sinkhole_attack_rpl\src\simulation\ip\x64\debug\igmp_host.obj
f:\netsim office work\customer workspace\rpl_emulation_iot_sinkhole\workspace_sinkhole_attack_rpl\src\simulation\ip\x64\debug\igmp_msg.obj
f:\netsim office work\customer workspace\rpl_emulation_iot_sinkhole\workspace_sinkhole_attack_rpl\src\simulation\ip\x64\debug\igmp_router.obj
f:\netsim office work\customer workspace\rpl_emulation_iot_sinkhole\workspace_sinkhole_attack_rpl\src\simulation\ip\x64\debug\ip.obj
f:\netsim office work\customer workspace\rpl_emulation_iot_sinkhole\workspace_sinkhole_attack_rpl\src\simulation\ip\x64\debug\ip_routing.obj
f:\netsim office work\customer workspace\rpl_emulation_iot_sinkhole\workspace_sinkhole_attack_rpl\src\simulation\ip\x64\debug\ip_utility.obj
f:\netsim office work\customer workspace\rpl_emulation_iot_sinkhole\workspace_sinkhole_attack_rpl\src\simulation\ip\x64\debug\multicast.obj
f:\netsim office work\customer workspace\rpl_emulation_iot_sinkhole\workspace_sinkhole_attack_rpl\src\simulation\ip\x64\debug\nat.obj
f:\netsim office work\customer workspace\rpl_emulation_iot_sinkhole\workspace_sinkhole_attack_rpl\src\simulation\ip\x64\debug\pim_config.obj
f:\netsim office work\customer workspace\rpl_emulation_iot_sinkhole\workspace_sinkhole_attack_rpl\src\simulation\ip\x64\debug\pim_group.obj
f:\netsim office work\customer workspace\rpl_emulation_iot_sinkhole\workspace_sinkhole_attack_rpl\src\simulation\ip\x64\debug\pim_hello.obj
f:\netsim office work\customer workspace\rpl_emulation_iot_sinkhole\workspace_sinkhole_attack_rpl\src\simulation\ip\x64\debug\pim_join.obj
f:\netsim office work\customer workspace\rpl_emulation_iot_sinkhole\workspace_sinkhole_attack_rpl\src\simulation\ip\x64\debug\pim_msg.obj
f:\netsim office work\customer workspace\rpl_emulation_iot_sinkhole\workspace_sinkhole_attack_rpl\src\simulation\ip\x64\debug\pim_neighbor.obj
f:\netsim office work\customer workspace\rpl_emulation_iot_sinkhole\workspace_sinkhole_attack_rpl\src\simulation\ip\x64\debug\pim_print.obj
f:\netsim office work\customer workspace\rpl_emulation_iot_sinkhole\workspace_sinkhole_attack_rpl\src\simulation\ip\x64\debug\pim_route.obj
f:\netsim office work\customer workspace\rpl_emulation_iot_sinkhole\workspace_sinkhole_attack_rpl\src\simulation\ip\x64\debug\pim_route_msg.obj
f:\netsim office work\customer workspace\rpl_emulation_iot_sinkhole\workspace_sinkhole_attack_rpl\src\simulation\ip\x64\debug\pim_sm.obj
f:\netsim office work\customer workspace\rpl_emulation_iot_sinkhole\workspace_sinkhole_attack_rpl\src\simulation\ip\x64\debug\vpn.obj
f:\netsim office work\customer workspace\rpl_emulation_iot_sinkhole\workspace_sinkhole_attack_rpl\src\simulation\ip\x64\debug\vc142.idb
f:\netsim office work\customer workspace\rpl_emulation_iot_sinkhole\workspace_sinkhole_attack_rpl\src\simulation\ip\x64\debug\vc142.pdb
f:\netsim office work\customer workspace\rpl_emulation_iot_sinkhole\workspace_sinkhole_attack_rpl\src\simulation\ip\x64\debug\ip.tlog\cl.command.1.tlog
f:\netsim office work\customer workspace\rpl_emulation_iot_sinkhole\workspace_sinkhole_attack_rpl\src\simulation\ip\x64\debug\ip.tlog\cl.read.1.tlog
f:\netsim office work\customer workspace\rpl_emulation_iot_sinkhole\workspace_sinkhole_attack_rpl\src\simulation\ip\x64\debug\ip.tlog\cl.write.1.tlog
f:\netsim office work\customer workspace\rpl_emulation_iot_sinkhole\workspace_sinkhole_attack_rpl\src\simulation\ip\x64\debug\ip.tlog\ip.write.1u.tlog
f:\netsim office work\customer workspace\rpl_emulation_iot_sinkhole\workspace_sinkhole_attack_rpl\src\simulation\ip\x64\debug\ip.tlog\link.10792.delete.1.tlog
f:\netsim office work\customer workspace\rpl_emulation_iot_sinkhole\workspace_sinkhole_attack_rpl\src\simulation\ip\x64\debug\ip.tlog\link.command.1.tlog
f:\netsim office work\customer workspace\rpl_emulation_iot_sinkhole\workspace_sinkhole_attack_rpl\src\simulation\ip\x64\debug\ip.tlog\link.read.1.tlog
f:\netsim office work\customer workspace\rpl_emulation_iot_sinkhole\workspace_sinkhole_attack_rpl\src\simulation\ip\x64\debug\ip.tlog\link.write.1.tlog
